<?xml version="1.0" encoding="UTF-8"?>
<!-- Generated by org.testng.reporters.JUnitXMLReporter -->
<testsuite hostname="DESKTOP-8TU8CDR" ignored="0" name="Test" tests="2" failures="0" timestamp="06 Aug 2018 02:31:48 GMT" time="0.082" errors="0">
  <testcase name="@BeforeClass beforeClass" time="0.037" classname="com.veerendra.testng.examples.loadtest.TestMultiples">
    <failure type="java.lang.NoClassDefFoundError" message="com/google/common/collect/ImmutableMap">
      <![CDATA[java.lang.NoClassDefFoundError: com/google/common/collect/ImmutableMap
at org.openqa.selenium.remote.service.DriverService$Builder.<init>(DriverService.java:250)
at org.openqa.selenium.chrome.ChromeDriverService$Builder.<init>(ChromeDriverService.java:98)
at org.openqa.selenium.chrome.ChromeDriverService.createDefaultService(ChromeDriverService.java:91)
at org.openqa.selenium.chrome.ChromeDriver.<init>(ChromeDriver.java:123)
at com.veerendra.testng.examples.loadtest.TestMultiples.beforeClass(TestMultiples.java:19)
Caused by: java.lang.ClassNotFoundException: com.google.common.collect.ImmutableMap
at java.net.URLClassLoader.findClass(URLClassLoader.java:381)
at java.lang.ClassLoader.loadClass(ClassLoader.java:424)
at sun.misc.Launcher$AppClassLoader.loadClass(Launcher.java:349)
at java.lang.ClassLoader.loadClass(ClassLoader.java:357)
... 34 more
... Removed 29 stack frames]]>
    </failure>
  </testcase> <!-- @BeforeClass beforeClass -->
  <testcase name="@AfterClass afterClass" time="0.0" classname="com.veerendra.testng.examples.loadtest.TestMultiples">
    <skipped/>
  </testcase> <!-- @AfterClass afterClass -->
  <testcase name="loadTestGoogle" time="0.0" classname="com.veerendra.testng.examples.loadtest.TestMultiples">
    <skipped/>
  </testcase> <!-- loadTestGoogle -->
  <testcase name="loadTestNorthernTrust" time="0.0" classname="com.veerendra.testng.examples.loadtest.TestMultiples">
    <skipped/>
  </testcase> <!-- loadTestNorthernTrust -->
</testsuite> <!-- Test -->
